<?xml version="1.0" encoding="UTF-8"?>
<!-- Generated by org.testng.reporters.JUnitXMLReporter -->
<testsuite hostname="dev-Inspiron-3521" name="Test" tests="2" failures="1" timestamp="13 Sep 2015 19:50:31 GMT" time="0.037" errors="0">
  <testcase name="testApp" time="0.011" classname="org.shiftleft.test.selenium.AppTest"/>
  <testcase name="just_first_test" time="0.001" classname="org.shiftleft.test.selenium.DemoTesting">
    <failure type="java.lang.AssertionError">
      <![CDATA[java.lang.AssertionError: 
	at org.shiftleft.test.selenium.DemoTesting.just_first_test(DemoTesting.java:26)
... Removed 27 stack frames]]>
    </failure>
  </testcase> <!-- just_first_test -->
</testsuite> <!-- Test -->
